# JRE version: Java(TM) SE Runtime Environment (7.0_79-b15) (build 1.7.0_79-b15)
# Java VM: Java HotSpot(TM) 64-Bit Server VM (24.79-b02 mixed mode windows-amd64 compressed oops)
Heap
 PSYoungGen      total 71680K, used 42533K [0x00000007d5e80000, 0x00000007da980000, 0x0000000800000000)
  eden space 66560K, 56% used [0x00000007d5e80000,0x00000007d830d328,0x00000007d9f80000)
  from space 5120K, 99% used [0x00000007da480000,0x00000007da97c120,0x00000007da980000)
  to   space 5120K, 0% used [0x00000007d9f80000,0x00000007d9f80000,0x00000007da480000)
 ParOldGen       total 150016K, used 85448K [0x0000000781c00000, 0x000000078ae80000, 0x00000007d5e80000)
  object space 150016K, 56% used [0x0000000781c00000,0x0000000786f722c8,0x000000078ae80000)
 PSPermGen       total 24576K, used 12375K [0x000000077ca00000, 0x000000077e200000, 0x0000000781c00000)
  object space 24576K, 50% used [0x000000077ca00000,0x000000077d615da8,0x000000077e200000)
GC Heap History (10 events):
Event: 6.589 GC heap before
{Heap before GC invocations=7 (full 0):
 PSYoungGen      total 71680K, used 71664K [0x00000007d5e80000, 0x00000007da980000, 0x0000000800000000)
  eden space 66560K, 100% used [0x00000007d5e80000,0x00000007d9f80000,0x00000007d9f80000)
  from space 5120K, 99% used [0x00000007da480000,0x00000007da97c030,0x00000007da980000)
  to   space 5120K, 0% used [0x00000007d9f80000,0x00000007d9f80000,0x00000007da480000)
 ParOldGen       total 86016K, used 43592K [0x0000000781c00000, 0x0000000787000000, 0x00000007d5e80000)
  object space 86016K, 50% used [0x0000000781c00000,0x0000000784692028,0x0000000787000000)
 PSPermGen       total 21504K, used 12213K [0x000000077ca00000, 0x000000077df00000, 0x0000000781c00000)
  object space 21504K, 56% used [0x000000077ca00000,0x000000077d5ed658,0x000000077df00000)
Event: 6.618 GC heap after
Heap after GC invocations=7 (full 0):
 PSYoungGen      total 71680K, used 5088K [0x00000007d5e80000, 0x00000007da980000, 0x0000000800000000)
  eden space 66560K, 0% used [0x00000007d5e80000,0x00000007d5e80000,0x00000007d9f80000)
  from space 5120K, 99% used [0x00000007d9f80000,0x00000007da478020,0x00000007da480000)
  to   space 5120K, 0% used [0x00000007da480000,0x00000007da480000,0x00000007da980000)
 ParOldGen       total 86016K, used 56072K [0x0000000781c00000, 0x0000000787000000, 0x00000007d5e80000)
  object space 86016K, 65% used [0x0000000781c00000,0x00000007852c2098,0x0000000787000000)
 PSPermGen       total 21504K, used 12213K [0x000000077ca00000, 0x000000077df00000, 0x0000000781c00000)
  object space 21504K, 56% used [0x000000077ca00000,0x000000077d5ed658,0x000000077df00000)
}
Event: 7.281 GC heap before
{Heap before GC invocations=8 (full 0):
 PSYoungGen      total 71680K, used 71648K [0x00000007d5e80000, 0x00000007da980000, 0x0000000800000000)
  eden space 66560K, 100% used [0x00000007d5e80000,0x00000007d9f80000,0x00000007d9f80000)
  from space 5120K, 99% used [0x00000007d9f80000,0x00000007da478020,0x00000007da480000)
  to   space 5120K, 0% used [0x00000007da480000,0x00000007da480000,0x00000007da980000)
 ParOldGen       total 86016K, used 56072K [0x0000000781c00000, 0x0000000787000000, 0x00000007d5e80000)
  object space 86016K, 65% used [0x0000000781c00000,0x00000007852c2098,0x0000000787000000)
 PSPermGen       total 21504K, used 12224K [0x000000077ca00000, 0x000000077df00000, 0x0000000781c00000)
  object space 21504K, 56% used [0x000000077ca00000,0x000000077d5f0040,0x000000077df00000)
Event: 7.298 GC heap after
Heap after GC invocations=8 (full 0):
 PSYoungGen      total 71680K, used 5088K [0x00000007d5e80000, 0x00000007da980000, 0x0000000800000000)
  eden space 66560K, 0% used [0x00000007d5e80000,0x00000007d5e80000,0x00000007d9f80000)
  from space 5120K, 99% used [0x00000007da480000,0x00000007da978020,0x00000007da980000)
  to   space 5120K, 0% used [0x00000007d9f80000,0x00000007d9f80000,0x00000007da480000)
 ParOldGen       total 86016K, used 68327K [0x0000000781c00000, 0x0000000787000000, 0x00000007d5e80000)
  object space 86016K, 79% used [0x0000000781c00000,0x0000000785eb9c68,0x0000000787000000)
 PSPermGen       total 21504K, used 12224K [0x000000077ca00000, 0x000000077df00000, 0x0000000781c00000)
  object space 21504K, 56% used [0x000000077ca00000,0x000000077d5f0040,0x000000077df00000)
}
Event: 7.988 GC heap before
{Heap before GC invocations=9 (full 0):
 PSYoungGen      total 71680K, used 71648K [0x00000007d5e80000, 0x00000007da980000, 0x0000000800000000)
  eden space 66560K, 100% used [0x00000007d5e80000,0x00000007d9f80000,0x00000007d9f80000)
  from space 5120K, 99% used [0x00000007da480000,0x00000007da978020,0x00000007da980000)
  to   space 5120K, 0% used [0x00000007d9f80000,0x00000007d9f80000,0x00000007da480000)
 ParOldGen       total 86016K, used 68327K [0x0000000781c00000, 0x0000000787000000, 0x00000007d5e80000)
  object space 86016K, 79% used [0x0000000781c00000,0x0000000785eb9c68,0x0000000787000000)
 PSPermGen       total 21504K, used 12256K [0x000000077ca00000, 0x000000077df00000, 0x0000000781c00000)
  object space 21504K, 56% used [0x000000077ca00000,0x000000077d5f8080,0x000000077df00000)
Event: 8.005 GC heap after
Heap after GC invocations=9 (full 0):
 PSYoungGen      total 71680K, used 5120K [0x00000007d5e80000, 0x00000007da980000, 0x0000000800000000)
  eden space 66560K, 0% used [0x00000007d5e80000,0x00000007d5e80000,0x00000007d9f80000)
  from space 5120K, 100% used [0x00000007d9f80000,0x00000007da480000,0x00000007da480000)
  to   space 5120K, 0% used [0x00000007da480000,0x00000007da480000,0x00000007da980000)
 ParOldGen       total 86016K, used 80582K [0x0000000781c00000, 0x0000000787000000, 0x00000007d5e80000)
  object space 86016K, 93% used [0x0000000781c00000,0x0000000786ab1828,0x0000000787000000)
 PSPermGen       total 21504K, used 12256K [0x000000077ca00000, 0x000000077df00000, 0x0000000781c00000)
  object space 21504K, 56% used [0x000000077ca00000,0x000000077d5f8080,0x000000077df00000)
}
Event: 8.006 GC heap before
{Heap before GC invocations=10 (full 1):
 PSYoungGen      total 71680K, used 5120K [0x00000007d5e80000, 0x00000007da980000, 0x0000000800000000)
  eden space 66560K, 0% used [0x00000007d5e80000,0x00000007d5e80000,0x00000007d9f80000)
  from space 5120K, 100% used [0x00000007d9f80000,0x00000007da480000,0x00000007da480000)
  to   space 5120K, 0% used [0x00000007da480000,0x00000007da480000,0x00000007da980000)
 ParOldGen       total 86016K, used 80582K [0x0000000781c00000, 0x0000000787000000, 0x00000007d5e80000)
  object space 86016K, 93% used [0x0000000781c00000,0x0000000786ab1828,0x0000000787000000)
 PSPermGen       total 21504K, used 12256K [0x000000077ca00000, 0x000000077df00000, 0x0000000781c00000)
  object space 21504K, 56% used [0x000000077ca00000,0x000000077d5f8080,0x000000077df00000)
Event: 8.442 GC heap after
Heap after GC invocations=10 (full 1):
 PSYoungGen      total 71680K, used 0K [0x00000007d5e80000, 0x00000007da980000, 0x0000000800000000)
  eden space 66560K, 0% used [0x00000007d5e80000,0x00000007d5e80000,0x00000007d9f80000)
  from space 5120K, 0% used [0x00000007d9f80000,0x00000007d9f80000,0x00000007da480000)
  to   space 5120K, 0% used [0x00000007da480000,0x00000007da480000,0x00000007da980000)
 ParOldGen       total 150016K, used 77572K [0x0000000781c00000, 0x000000078ae80000, 0x00000007d5e80000)
  object space 150016K, 51% used [0x0000000781c00000,0x00000007867c1128,0x000000078ae80000)
 PSPermGen       total 24576K, used 12248K [0x000000077ca00000, 0x000000077e200000, 0x0000000781c00000)
  object space 24576K, 49% used [0x000000077ca00000,0x000000077d5f6290,0x000000077e200000)
}
Event: 8.942 GC heap before
{Heap before GC invocations=11 (full 1):
 PSYoungGen      total 71680K, used 66560K [0x00000007d5e80000, 0x00000007da980000, 0x0000000800000000)
  eden space 66560K, 100% used [0x00000007d5e80000,0x00000007d9f80000,0x00000007d9f80000)
  from space 5120K, 0% used [0x00000007d9f80000,0x00000007d9f80000,0x00000007da480000)
  to   space 5120K, 0% used [0x00000007da480000,0x00000007da480000,0x00000007da980000)
 ParOldGen       total 150016K, used 77572K [0x0000000781c00000, 0x000000078ae80000, 0x00000007d5e80000)
  object space 150016K, 51% used [0x0000000781c00000,0x00000007867c1128,0x000000078ae80000)
 PSPermGen       total 24576K, used 12256K [0x000000077ca00000, 0x000000077e200000, 0x0000000781c00000)
  object space 24576K, 49% used [0x000000077ca00000,0x000000077d5f8138,0x000000077e200000)
Event: 8.956 GC heap after
Heap after GC invocations=11 (full 1):
 PSYoungGen      total 71680K, used 5104K [0x00000007d5e80000, 0x00000007da980000, 0x0000000800000000)
  eden space 66560K, 0% used [0x00000007d5e80000,0x00000007d5e80000,0x00000007d9f80000)
  from space 5120K, 99% used [0x00000007da480000,0x00000007da97c120,0x00000007da980000)
  to   space 5120K, 0% used [0x00000007d9f80000,0x00000007d9f80000,0x00000007da480000)
 ParOldGen       total 150016K, used 85448K [0x0000000781c00000, 0x000000078ae80000, 0x00000007d5e80000)
  object space 150016K, 56% used [0x0000000781c00000,0x0000000786f722c8,0x000000078ae80000)
 PSPermGen       total 24576K, used 12256K [0x000000077ca00000, 0x000000077e200000, 0x0000000781c00000)
  object space 24576K, 49% used [0x000000077ca00000,0x000000077d5f8138,0x000000077e200000)
}

